0 info it worked if it ends with ok
1 verbose cli [ 'C:\\Program Files\\nodejs\\node.exe',
1 verbose cli   'C:\\Program Files\\nodejs\\node_modules\\npm\\bin\\npm-cli.js',
1 verbose cli   'install',
1 verbose cli   'reflux' ]
2 info using npm@2.15.8
3 info using node@v4.4.7
4 verbose install initial load of C:\Users\rohit22\Desktop\Demo\package.json
5 warn package.json flux@0.0.1 No repository field.
6 warn package.json flux@0.0.1 No README data
7 warn package.json flux@0.0.1 license should be a valid SPDX license expression
8 verbose installManyTop reading scoped package data from C:\Users\rohit22\Desktop\Demo\node_modules\browserify\package.json
9 verbose installManyTop reading scoped package data from C:\Users\rohit22\Desktop\Demo\node_modules\es6-promise\package.json
10 verbose installManyTop reading scoped package data from C:\Users\rohit22\Desktop\Demo\node_modules\flux\package.json
11 verbose installManyTop reading scoped package data from C:\Users\rohit22\Desktop\Demo\node_modules\grunt\package.json
12 verbose installManyTop reading scoped package data from C:\Users\rohit22\Desktop\Demo\node_modules\grunt-browserify\package.json
13 verbose installManyTop reading scoped package data from C:\Users\rohit22\Desktop\Demo\node_modules\grunt-contrib-watch\package.json
14 verbose installManyTop reading scoped package data from C:\Users\rohit22\Desktop\Demo\node_modules\gulp\package.json
15 verbose installManyTop reading scoped package data from C:\Users\rohit22\Desktop\Demo\node_modules\gulp-browserify\package.json
16 verbose installManyTop reading scoped package data from C:\Users\rohit22\Desktop\Demo\node_modules\gulp-concat\package.json
17 verbose installManyTop reading scoped package data from C:\Users\rohit22\Desktop\Demo\node_modules\object-assign\package.json
18 verbose installManyTop reading scoped package data from C:\Users\rohit22\Desktop\Demo\node_modules\react\package.json
19 verbose installManyTop reading scoped package data from C:\Users\rohit22\Desktop\Demo\node_modules\react-tools\package.json
20 verbose installManyTop reading scoped package data from C:\Users\rohit22\Desktop\Demo\node_modules\reactify\package.json
21 verbose installManyTop reading scoped package data from C:\Users\rohit22\Desktop\Demo\node_modules\reflux\package.json
22 verbose installManyTop reading scoped package data from C:\Users\rohit22\Desktop\Demo\node_modules\require.js\package.json
23 verbose installManyTop reading scoped package data from C:\Users\rohit22\Desktop\Demo\node_modules\watchify\package.json
24 info package.json grunt@0.4.5 No license field.
25 info package.json grunt-browserify@1.3.2 No license field.
26 info package.json grunt-contrib-watch@0.5.3 No license field.
27 verbose readDependencies loading dependencies from C:\Users\rohit22\Desktop\Demo\package.json
28 verbose install reflux is installed as 0.4.1
29 silly cache add args [ 'reflux', null ]
30 verbose cache add spec reflux
31 silly cache add parsed spec Result {
31 silly cache add   raw: 'reflux',
31 silly cache add   scope: null,
31 silly cache add   name: 'reflux',
31 silly cache add   rawSpec: '',
31 silly cache add   spec: 'latest',
31 silly cache add   type: 'tag' }
32 silly addNamed reflux@latest
33 verbose addNamed "latest" is being treated as a dist-tag for reflux
34 info addNameTag [ 'reflux', 'latest' ]
35 silly mapToRegistry name reflux
36 silly mapToRegistry using default registry
37 silly mapToRegistry registry https://registry.npmjs.org/
38 silly mapToRegistry data Result {
38 silly mapToRegistry   raw: 'reflux',
38 silly mapToRegistry   scope: null,
38 silly mapToRegistry   name: 'reflux',
38 silly mapToRegistry   rawSpec: '',
38 silly mapToRegistry   spec: 'latest',
38 silly mapToRegistry   type: 'tag' }
39 silly mapToRegistry uri https://registry.npmjs.org/reflux
40 verbose addNameTag registry:https://registry.npmjs.org/reflux not in flight; fetching
41 verbose request uri https://registry.npmjs.org/reflux
42 verbose request no auth needed
43 info attempt registry request try #1 at 12:33:16 PM
44 verbose request id 8c19d2db75eaacda
45 verbose etag "7HYCQKWAIN6BWA5O4FDXKR4WK"
46 http request GET https://registry.npmjs.org/reflux
47 http 304 https://registry.npmjs.org/reflux
48 verbose headers { date: 'Wed, 03 Aug 2016 07:03:06 GMT',
48 verbose headers   via: '1.1 varnish',
48 verbose headers   'cache-control': 'max-age=300',
48 verbose headers   etag: '"7HYCQKWAIN6BWA5O4FDXKR4WK"',
48 verbose headers   age: '56',
48 verbose headers   connection: 'keep-alive',
48 verbose headers   'x-served-by': 'cache-sin6921-SIN',
48 verbose headers   'x-cache': 'HIT',
48 verbose headers   'x-cache-hits': '2',
48 verbose headers   'x-timer': 'S1470207786.817763,VS0,VE0',
48 verbose headers   vary: 'Accept-Encoding' }
49 silly get cb [ 304,
49 silly get   { date: 'Wed, 03 Aug 2016 07:03:06 GMT',
49 silly get     via: '1.1 varnish',
49 silly get     'cache-control': 'max-age=300',
49 silly get     etag: '"7HYCQKWAIN6BWA5O4FDXKR4WK"',
49 silly get     age: '56',
49 silly get     connection: 'keep-alive',
49 silly get     'x-served-by': 'cache-sin6921-SIN',
49 silly get     'x-cache': 'HIT',
49 silly get     'x-cache-hits': '2',
49 silly get     'x-timer': 'S1470207786.817763,VS0,VE0',
49 silly get     vary: 'Accept-Encoding' } ]
50 verbose etag https://registry.npmjs.org/reflux from cache
51 verbose get saving reflux to C:\Users\rohit22\AppData\Roaming\npm-cache\registry.npmjs.org\reflux\.cache.json
52 verbose correctMkdir C:\Users\rohit22\AppData\Roaming\npm-cache correctMkdir not in flight; initializing
53 silly addNameTag next cb for reflux with tag latest
54 silly addNamed reflux@0.4.1
55 verbose addNamed "0.4.1" is a plain semver version for reflux
56 silly cache afterAdd reflux@0.4.1
57 verbose afterAdd C:\Users\rohit22\AppData\Roaming\npm-cache\reflux\0.4.1\package\package.json not in flight; writing
58 verbose correctMkdir C:\Users\rohit22\AppData\Roaming\npm-cache correctMkdir not in flight; initializing
59 verbose afterAdd C:\Users\rohit22\AppData\Roaming\npm-cache\reflux\0.4.1\package\package.json written
60 silly install resolved [ { name: 'reflux',
60 silly install resolved     version: '0.4.1',
60 silly install resolved     description: 'A simple library for uni-directional dataflow application architecture inspired by ReactJS Flux',
60 silly install resolved     main: 'src/index.js',
60 silly install resolved     scripts:
60 silly install resolved      { test: 'grunt test',
60 silly install resolved        'test:sauce': 'grunt karma:sauce',
60 silly install resolved        benchmark: 'node test/benchmarks',
60 silly install resolved        build: 'grunt build' },
60 silly install resolved     author: { name: 'Mikael Brassman' },
60 silly install resolved     license: 'BSD-3-Clause',
60 silly install resolved     repository:
60 silly install resolved      { type: 'git',
60 silly install resolved        url: 'git+ssh://git@github.com/reflux/refluxjs.git' },
60 silly install resolved     bugs: { url: 'https://github.com/reflux/refluxjs/issues' },
60 silly install resolved     keywords:
60 silly install resolved      [ 'reflux',
60 silly install resolved        'react',
60 silly install resolved        'flux',
60 silly install resolved        'architecture',
60 silly install resolved        'dataflow',
60 silly install resolved        'action',
60 silly install resolved        'event',
60 silly install resolved        'data' ],
60 silly install resolved     dependencies: { eventemitter3: '^1.1.1', 'reflux-core': '^0.3.0' },
60 silly install resolved     devDependencies:
60 silly install resolved      { benchmark: '^1.0.0',
60 silly install resolved        browserify: '~10.2.3',
60 silly install resolved        chai: 'latest',
60 silly install resolved        'chai-as-promised': 'latest',
60 silly install resolved        'es6-promise': '^2.3.0',
60 silly install resolved        grunt: '^0.4.5',
60 silly install resolved        'grunt-browserify': '3.8.0',
60 silly install resolved        'grunt-cli': '^0.1.13',
60 silly install resolved        'grunt-contrib-jshint': '^0.11.2',
60 silly install resolved        'grunt-contrib-uglify': '^0.5.0',
60 silly install resolved        'grunt-contrib-watch': '^0.6.1',
60 silly install resolved        'grunt-karma': 'latest',
60 silly install resolved        'grunt-mocha-test': '~0.12.7',
60 silly install resolved        karma: 'latest',
60 silly install resolved        'karma-browserify': 'latest',
60 silly install resolved        'karma-commonjs': 'latest',
60 silly install resolved        'karma-mocha': 'latest',
60 silly install resolved        'karma-phantomjs-launcher': 'latest',
60 silly install resolved        'karma-sauce-launcher': 'latest',
60 silly install resolved        'karma-spec-reporter': 'latest',
60 silly install resolved        matchdep: '^0.3.0',
60 silly install resolved        mocha: 'latest',
60 silly install resolved        q: '^1.0.1',
60 silly install resolved        sinon: '^1.10.3' },
60 silly install resolved     peerDependencies: { react: '>=0.13.0 <16' },
60 silly install resolved     gitHead: 'e34c2b7fb9199062cc587f883aeb1be233a3ef25',
60 silly install resolved     homepage: 'https://github.com/reflux/refluxjs#readme',
60 silly install resolved     _id: 'reflux@0.4.1',
60 silly install resolved     _shasum: '3d2c5610f045df059383f05ca3bc374e6cb0957d',
60 silly install resolved     _from: 'reflux@latest',
60 silly install resolved     _npmVersion: '2.14.11',
60 silly install resolved     _nodeVersion: '5.3.0',
60 silly install resolved     _npmUser: { name: 'devinivy', email: 'devin@bigroomstudios.com' },
60 silly install resolved     maintainers: [ [Object], [Object] ],
60 silly install resolved     dist:
60 silly install resolved      { shasum: '3d2c5610f045df059383f05ca3bc374e6cb0957d',
60 silly install resolved        tarball: 'https://registry.npmjs.org/reflux/-/reflux-0.4.1.tgz' },
60 silly install resolved     _npmOperationalInternal:
60 silly install resolved      { host: 'packages-12-west.internal.npmjs.com',
60 silly install resolved        tmp: 'tmp/reflux-0.4.1.tgz_1460086562659_0.5687721495050937' },
60 silly install resolved     directories: {},
60 silly install resolved     _resolved: 'https://registry.npmjs.org/reflux/-/reflux-0.4.1.tgz',
60 silly install resolved     readme: 'ERROR: No README data found!' } ]
61 info install reflux@0.4.1 into C:\Users\rohit22\Desktop\Demo
62 info installOne reflux@0.4.1
63 verbose installOne of reflux to C:\Users\rohit22\Desktop\Demo not in flight; installing
64 verbose correctMkdir C:\Users\rohit22\AppData\Roaming\npm-cache\_locks correctMkdir not in flight; initializing
65 verbose lock using C:\Users\rohit22\AppData\Roaming\npm-cache\_locks\reflux-1045b8e39602cfbf.lock for C:\Users\rohit22\Desktop\Demo\node_modules\reflux
66 silly install write writing reflux 0.4.1 to C:\Users\rohit22\Desktop\Demo\node_modules\reflux
67 verbose unbuild node_modules\reflux
68 info preuninstall reflux@0.4.1
69 info uninstall reflux@0.4.1
70 verbose unbuild rmStuff reflux@0.4.1 from C:\Users\rohit22\Desktop\Demo\node_modules
71 info postuninstall reflux@0.4.1
72 silly gentlyRm C:\Users\rohit22\Desktop\Demo\node_modules\reflux is being purged from base C:\Users\rohit22\Desktop\Demo
73 verbose gentlyRm don't care about contents; nuking C:\Users\rohit22\Desktop\Demo\node_modules\reflux
74 silly vacuum-fs purging C:\Users\rohit22\Desktop\Demo\node_modules\reflux
75 silly vacuum-fs quitting because other entries in C:\Users\rohit22\Desktop\Demo\node_modules
76 verbose tar unpack C:\Users\rohit22\AppData\Roaming\npm-cache\reflux\0.4.1\package.tgz
77 verbose tar unpacking to C:\Users\rohit22\Desktop\Demo\node_modules\reflux
78 silly gentlyRm C:\Users\rohit22\Desktop\Demo\node_modules\reflux is being purged
79 verbose gentlyRm don't care about contents; nuking C:\Users\rohit22\Desktop\Demo\node_modules\reflux
80 silly gunzTarPerm modes [ '777', '666' ]
81 silly gunzTarPerm extractEntry package.json
82 silly gunzTarPerm modified mode [ 'package.json', 420, 438 ]
83 silly gunzTarPerm extractEntry .npmignore
84 silly gunzTarPerm modified mode [ '.npmignore', 420, 438 ]
85 silly gunzTarPerm extractEntry README.md
86 silly gunzTarPerm modified mode [ 'README.md', 420, 438 ]
87 silly gunzTarPerm extractEntry Gruntfile.js
88 silly gunzTarPerm modified mode [ 'Gruntfile.js', 420, 438 ]
89 silly gunzTarPerm extractEntry karma.conf.js
90 silly gunzTarPerm modified mode [ 'karma.conf.js', 420, 438 ]
91 silly gunzTarPerm extractEntry CHANGELOG.md
92 silly gunzTarPerm modified mode [ 'CHANGELOG.md', 420, 438 ]
93 silly gunzTarPerm extractEntry .jshintrc
94 silly gunzTarPerm modified mode [ '.jshintrc', 420, 438 ]
95 silly gunzTarPerm extractEntry LICENSE.md
96 silly gunzTarPerm modified mode [ 'LICENSE.md', 420, 438 ]
97 silly gunzTarPerm extractEntry bower.json
98 silly gunzTarPerm modified mode [ 'bower.json', 420, 438 ]
99 silly gunzTarPerm extractEntry dist/reflux.js
100 silly gunzTarPerm modified mode [ 'dist/reflux.js', 420, 438 ]
101 silly gunzTarPerm extractEntry dist/reflux.min.js
102 silly gunzTarPerm modified mode [ 'dist/reflux.min.js', 420, 438 ]
103 silly gunzTarPerm extractEntry .editorconfig
104 silly gunzTarPerm modified mode [ '.editorconfig', 420, 438 ]
105 silly gunzTarPerm extractEntry src/ListenerMixin.js
106 silly gunzTarPerm modified mode [ 'src/ListenerMixin.js', 420, 438 ]
107 silly gunzTarPerm extractEntry src/connect.js
108 silly gunzTarPerm modified mode [ 'src/connect.js', 420, 438 ]
109 silly gunzTarPerm extractEntry src/connectFilter.js
110 silly gunzTarPerm modified mode [ 'src/connectFilter.js', 420, 438 ]
111 silly gunzTarPerm extractEntry src/index.js
112 silly gunzTarPerm modified mode [ 'src/index.js', 420, 438 ]
113 silly gunzTarPerm extractEntry src/listenTo.js
114 silly gunzTarPerm modified mode [ 'src/listenTo.js', 420, 438 ]
115 silly gunzTarPerm extractEntry src/listenToMany.js
116 silly gunzTarPerm modified mode [ 'src/listenToMany.js', 420, 438 ]
117 silly gunzTarPerm extractEntry .travis.yml
118 silly gunzTarPerm modified mode [ '.travis.yml', 420, 438 ]
119 verbose write writing to C:\Users\rohit22\Desktop\Demo\node_modules\reflux\package.json
120 info preinstall reflux@0.4.1
121 verbose readDependencies loading dependencies from C:\Users\rohit22\Desktop\Demo\node_modules\reflux\package.json
122 silly prepareForInstallMany adding eventemitter3@^1.1.1 from reflux dependencies
123 silly prepareForInstallMany adding reflux-core@^0.3.0 from reflux dependencies
124 verbose readDependencies loading dependencies from C:\Users\rohit22\Desktop\Demo\node_modules\reflux\package.json
125 silly cache add args [ 'eventemitter3@^1.1.1', null ]
126 verbose cache add spec eventemitter3@^1.1.1
127 silly cache add args [ 'reflux-core@^0.3.0', null ]
128 verbose cache add spec reflux-core@^0.3.0
129 silly cache add parsed spec Result {
129 silly cache add   raw: 'eventemitter3@^1.1.1',
129 silly cache add   scope: null,
129 silly cache add   name: 'eventemitter3',
129 silly cache add   rawSpec: '^1.1.1',
129 silly cache add   spec: '>=1.1.1 <2.0.0',
129 silly cache add   type: 'range' }
130 silly addNamed eventemitter3@>=1.1.1 <2.0.0
131 verbose addNamed ">=1.1.1 <2.0.0" is a valid semver range for eventemitter3
132 silly addNameRange { name: 'eventemitter3',
132 silly addNameRange   range: '>=1.1.1 <2.0.0',
132 silly addNameRange   hasData: false }
133 silly mapToRegistry name eventemitter3
134 silly mapToRegistry using default registry
135 silly mapToRegistry registry https://registry.npmjs.org/
136 silly mapToRegistry data Result {
136 silly mapToRegistry   raw: 'eventemitter3',
136 silly mapToRegistry   scope: null,
136 silly mapToRegistry   name: 'eventemitter3',
136 silly mapToRegistry   rawSpec: '',
136 silly mapToRegistry   spec: 'latest',
136 silly mapToRegistry   type: 'tag' }
137 silly mapToRegistry uri https://registry.npmjs.org/eventemitter3
138 verbose addNameRange registry:https://registry.npmjs.org/eventemitter3 not in flight; fetching
139 silly cache add parsed spec Result {
139 silly cache add   raw: 'reflux-core@^0.3.0',
139 silly cache add   scope: null,
139 silly cache add   name: 'reflux-core',
139 silly cache add   rawSpec: '^0.3.0',
139 silly cache add   spec: '>=0.3.0 <0.4.0',
139 silly cache add   type: 'range' }
140 silly addNamed reflux-core@>=0.3.0 <0.4.0
141 verbose addNamed ">=0.3.0 <0.4.0" is a valid semver range for reflux-core
142 silly addNameRange { name: 'reflux-core', range: '>=0.3.0 <0.4.0', hasData: false }
143 silly mapToRegistry name reflux-core
144 silly mapToRegistry using default registry
145 silly mapToRegistry registry https://registry.npmjs.org/
146 silly mapToRegistry data Result {
146 silly mapToRegistry   raw: 'reflux-core',
146 silly mapToRegistry   scope: null,
146 silly mapToRegistry   name: 'reflux-core',
146 silly mapToRegistry   rawSpec: '',
146 silly mapToRegistry   spec: 'latest',
146 silly mapToRegistry   type: 'tag' }
147 silly mapToRegistry uri https://registry.npmjs.org/reflux-core
148 verbose addNameRange registry:https://registry.npmjs.org/reflux-core not in flight; fetching
149 verbose request uri https://registry.npmjs.org/eventemitter3
150 verbose request no auth needed
151 info attempt registry request try #1 at 12:33:17 PM
152 verbose etag "81S7LUVQAUV7UCFTJ2ZZG35YG"
153 http request GET https://registry.npmjs.org/eventemitter3
154 verbose request uri https://registry.npmjs.org/reflux-core
155 verbose request no auth needed
156 info attempt registry request try #1 at 12:33:17 PM
157 verbose etag "7JSCJR4P69WT2YIO4PUTJY726"
158 http request GET https://registry.npmjs.org/reflux-core
159 http 304 https://registry.npmjs.org/eventemitter3
160 verbose headers { date: 'Wed, 03 Aug 2016 07:03:07 GMT',
160 verbose headers   via: '1.1 varnish',
160 verbose headers   'cache-control': 'max-age=300',
160 verbose headers   etag: '"81S7LUVQAUV7UCFTJ2ZZG35YG"',
160 verbose headers   age: '175',
160 verbose headers   connection: 'keep-alive',
160 verbose headers   'x-served-by': 'cache-sin6921-SIN',
160 verbose headers   'x-cache': 'HIT',
160 verbose headers   'x-cache-hits': '8',
160 verbose headers   'x-timer': 'S1470207787.592494,VS0,VE0',
160 verbose headers   vary: 'Accept-Encoding' }
161 silly get cb [ 304,
161 silly get   { date: 'Wed, 03 Aug 2016 07:03:07 GMT',
161 silly get     via: '1.1 varnish',
161 silly get     'cache-control': 'max-age=300',
161 silly get     etag: '"81S7LUVQAUV7UCFTJ2ZZG35YG"',
161 silly get     age: '175',
161 silly get     connection: 'keep-alive',
161 silly get     'x-served-by': 'cache-sin6921-SIN',
161 silly get     'x-cache': 'HIT',
161 silly get     'x-cache-hits': '8',
161 silly get     'x-timer': 'S1470207787.592494,VS0,VE0',
161 silly get     vary: 'Accept-Encoding' } ]
162 verbose etag https://registry.npmjs.org/eventemitter3 from cache
163 verbose get saving eventemitter3 to C:\Users\rohit22\AppData\Roaming\npm-cache\registry.npmjs.org\eventemitter3\.cache.json
164 verbose correctMkdir C:\Users\rohit22\AppData\Roaming\npm-cache correctMkdir not in flight; initializing
165 silly addNameRange number 2 { name: 'eventemitter3', range: '>=1.1.1 <2.0.0', hasData: true }
166 silly addNameRange versions [ 'eventemitter3',
166 silly addNameRange   [ '0.0.0',
166 silly addNameRange     '0.0.1',
166 silly addNameRange     '0.1.0',
166 silly addNameRange     '0.1.1',
166 silly addNameRange     '0.1.2',
166 silly addNameRange     '0.1.3',
166 silly addNameRange     '0.1.4',
166 silly addNameRange     '0.1.5',
166 silly addNameRange     '0.1.6',
166 silly addNameRange     '1.0.0',
166 silly addNameRange     '1.0.1',
166 silly addNameRange     '1.0.2',
166 silly addNameRange     '1.0.3',
166 silly addNameRange     '1.1.0',
166 silly addNameRange     '1.1.1',
166 silly addNameRange     '1.2.0' ] ]
167 silly addNamed eventemitter3@1.2.0
168 verbose addNamed "1.2.0" is a plain semver version for eventemitter3
169 silly cache afterAdd eventemitter3@1.2.0
170 verbose afterAdd C:\Users\rohit22\AppData\Roaming\npm-cache\eventemitter3\1.2.0\package\package.json not in flight; writing
171 verbose correctMkdir C:\Users\rohit22\AppData\Roaming\npm-cache correctMkdir not in flight; initializing
172 verbose afterAdd C:\Users\rohit22\AppData\Roaming\npm-cache\eventemitter3\1.2.0\package\package.json written
173 http 304 https://registry.npmjs.org/reflux-core
174 verbose headers { date: 'Wed, 03 Aug 2016 07:03:07 GMT',
174 verbose headers   via: '1.1 varnish',
174 verbose headers   'cache-control': 'max-age=300',
174 verbose headers   etag: '"7JSCJR4P69WT2YIO4PUTJY726"',
174 verbose headers   age: '56',
174 verbose headers   connection: 'keep-alive',
174 verbose headers   'x-served-by': 'cache-sin6920-SIN',
174 verbose headers   'x-cache': 'HIT',
174 verbose headers   'x-cache-hits': '2',
174 verbose headers   'x-timer': 'S1470207787.969084,VS0,VE0',
174 verbose headers   vary: 'Accept-Encoding' }
175 silly get cb [ 304,
175 silly get   { date: 'Wed, 03 Aug 2016 07:03:07 GMT',
175 silly get     via: '1.1 varnish',
175 silly get     'cache-control': 'max-age=300',
175 silly get     etag: '"7JSCJR4P69WT2YIO4PUTJY726"',
175 silly get     age: '56',
175 silly get     connection: 'keep-alive',
175 silly get     'x-served-by': 'cache-sin6920-SIN',
175 silly get     'x-cache': 'HIT',
175 silly get     'x-cache-hits': '2',
175 silly get     'x-timer': 'S1470207787.969084,VS0,VE0',
175 silly get     vary: 'Accept-Encoding' } ]
176 verbose etag https://registry.npmjs.org/reflux-core from cache
177 verbose get saving reflux-core to C:\Users\rohit22\AppData\Roaming\npm-cache\registry.npmjs.org\reflux-core\.cache.json
178 verbose correctMkdir C:\Users\rohit22\AppData\Roaming\npm-cache correctMkdir not in flight; initializing
179 silly addNameRange number 2 { name: 'reflux-core', range: '>=0.3.0 <0.4.0', hasData: true }
180 silly addNameRange versions [ 'reflux-core', [ '0.2.0-rc', '0.2.0', '0.2.1', '0.3.0' ] ]
181 silly addNamed reflux-core@0.3.0
182 verbose addNamed "0.3.0" is a plain semver version for reflux-core
183 silly cache afterAdd reflux-core@0.3.0
184 verbose afterAdd C:\Users\rohit22\AppData\Roaming\npm-cache\reflux-core\0.3.0\package\package.json not in flight; writing
185 verbose correctMkdir C:\Users\rohit22\AppData\Roaming\npm-cache correctMkdir not in flight; initializing
186 verbose afterAdd C:\Users\rohit22\AppData\Roaming\npm-cache\reflux-core\0.3.0\package\package.json written
187 silly install resolved [ { name: 'eventemitter3',
187 silly install resolved     version: '1.2.0',
187 silly install resolved     description: 'EventEmitter3 focuses on performance while maintaining a Node.js AND browser compatible interface.',
187 silly install resolved     main: 'index.js',
187 silly install resolved     scripts:
187 silly install resolved      { 'test-node': 'istanbul cover _mocha --report lcovonly -- test.js',
187 silly install resolved        coverage: 'istanbul cover _mocha -- test.js',
187 silly install resolved        'test-browser': 'zuul -- test.js',
187 silly install resolved        sync: 'node versions.js',
187 silly install resolved        test: 'mocha test.js' },
187 silly install resolved     repository:
187 silly install resolved      { type: 'git',
187 silly install resolved        url: 'git://github.com/primus/eventemitter3.git' },
187 silly install resolved     keywords:
187 silly install resolved      [ 'EventEmitter',
187 silly install resolved        'EventEmitter2',
187 silly install resolved        'EventEmitter3',
187 silly install resolved        'Events',
187 silly install resolved        'addEventListener',
187 silly install resolved        'addListener',
187 silly install resolved        'emit',
187 silly install resolved        'emits',
187 silly install resolved        'emitter',
187 silly install resolved        'event',
187 silly install resolved        'once',
187 silly install resolved        'pub/sub',
187 silly install resolved        'publish',
187 silly install resolved        'reactor',
187 silly install resolved        'subscribe' ],
187 silly install resolved     author: { name: 'Arnout Kazemier' },
187 silly install resolved     license: 'MIT',
187 silly install resolved     bugs: { url: 'https://github.com/primus/eventemitter3/issues' },
187 silly install resolved     'pre-commit': 'sync, test',
187 silly install resolved     devDependencies:
187 silly install resolved      { assume: '1.3.x',
187 silly install resolved        istanbul: '0.4.x',
187 silly install resolved        mocha: '2.4.x',
187 silly install resolved        'pre-commit': '1.1.x',
187 silly install resolved        zuul: '3.10.x' },
187 silly install resolved     gitHead: 'c78d597fed80952c259b916c0a1f4dca91d940e4',
187 silly install resolved     homepage: 'https://github.com/primus/eventemitter3#readme',
187 silly install resolved     _id: 'eventemitter3@1.2.0',
187 silly install resolved     _shasum: '1c86991d816ad1e504750e73874224ecf3bec508',
187 silly install resolved     _from: 'eventemitter3@>=1.1.1 <2.0.0',
187 silly install resolved     _npmVersion: '3.8.0',
187 silly install resolved     _nodeVersion: '4.3.1',
187 silly install resolved     _npmUser: { name: '3rdeden', email: 'npm@3rd-Eden.com' },
187 silly install resolved     maintainers: [ [Object], [Object], [Object] ],
187 silly install resolved     dist:
187 silly install resolved      { shasum: '1c86991d816ad1e504750e73874224ecf3bec508',
187 silly install resolved        tarball: 'https://registry.npmjs.org/eventemitter3/-/eventemitter3-1.2.0.tgz' },
187 silly install resolved     _npmOperationalInternal:
187 silly install resolved      { host: 'packages-12-west.internal.npmjs.com',
187 silly install resolved        tmp: 'tmp/eventemitter3-1.2.0.tgz_1458148661717_0.1867425285745412' },
187 silly install resolved     directories: {},
187 silly install resolved     _resolved: 'https://registry.npmjs.org/eventemitter3/-/eventemitter3-1.2.0.tgz',
187 silly install resolved     readme: 'ERROR: No README data found!' },
187 silly install resolved   { name: 'reflux-core',
187 silly install resolved     version: '0.3.0',
187 silly install resolved     description: 'A simple library for uni-directional dataflow application architecture inspired by ReactJS Flux',
187 silly install resolved     main: 'lib/index.js',
187 silly install resolved     scripts:
187 silly install resolved      { clean: 'rimraf ./lib',
187 silly install resolved        'test:mocha': 'mocha',
187 silly install resolved        'test:karma': 'karma start test/config/karma.conf.js',
187 silly install resolved        'test:travis': 'karma start test/config/karma-travis.conf.js',
187 silly install resolved        test: 'npm run test:mocha && npm run test:karma',
187 silly install resolved        'lint:test': 'jshint test/',
187 silly install resolved        'lint:src': 'eslint src/',
187 silly install resolved        lint: 'npm run lint:test && npm run lint:src',
187 silly install resolved        compile: 'npm run clean && babel src --out-dir lib && ./scripts/version',
187 silly install resolved        build: 'npm run lint && npm run compile && npm run test',
187 silly install resolved        benchmark: 'node test/benchmarks',
187 silly install resolved        'watch:test': 'watch \'npm run lint:test && npm run test:mocha\' test/',
187 silly install resolved        'watch:src': 'watch \'npm run lint:src && npm run compile && npm run test:mocha\' src/',
187 silly install resolved        watch: 'parallelshell \'npm run watch:src\' \'npm run watch:test\'',
187 silly install resolved        prepublish: 'npm run lint && npm run compile && npm run test:mocha',
187 silly install resolved        precommit: 'npm run prepublish',
187 silly install resolved        prepush: 'npm run prepublish' },
187 silly install resolved     author: { name: 'Mikael Brassman' },
187 silly install resolved     license: 'BSD-3-Clause',
187 silly install resolved     repository:
187 silly install resolved      { type: 'git',
187 silly install resolved        url: 'git+https://github.com/reflux/reflux-core.git' },
187 silly install resolved     bugs: { url: 'http://github.com/reflux/reflux-core/issues' },
187 silly install resolved     keywords:
187 silly install resolved      [ 'reflux',
187 silly install resolved        'flux',
187 silly install resolved        'architecture',
187 silly install resolved        'dataflow',
187 silly install resolved        'action',
187 silly install resolved        'events',
187 silly install resolved        'data' ],
187 silly install resolved     dependencies: { eventemitter3: '^1.1.1' },
187 silly install resolved     devDependencies:
187 silly install resolved      { babel: '^5.8.19',
187 silly install resolved        'babel-eslint': '^4.0.5',
187 silly install resolved        benchmark: '^1.0.0',
187 silly install resolved        browserify: '~10.2.3',
187 silly install resolved        chai: 'latest',
187 silly install resolved        'chai-as-promised': 'latest',
187 silly install resolved        'es6-promise': '^2.3.0',
187 silly install resolved        eslint: '^0.24.1',
187 silly install resolved        husky: '^0.9.2',
187 silly install resolved        jshint: 'latest',
187 silly install resolved        karma: 'latest',
187 silly install resolved        'karma-browserify': 'latest',
187 silly install resolved        'karma-commonjs': 'latest',
187 silly install resolved        'karma-mocha': 'latest',
187 silly install resolved        'karma-phantomjs-launcher': 'latest',
187 silly install resolved        'karma-sauce-launcher': 'latest',
187 silly install resolved        'karma-spec-reporter': 'latest',
187 silly install resolved        mocha: 'latest',
187 silly install resolved        parallelshell: 'latest',
187 silly install resolved        q: '^1.0.1',
187 silly install resolved        replace: '^0.3.0',
187 silly install resolved        rimraf: '^2.4.2',
187 silly install resolved        sinon: '^1.10.3',
187 silly install resolved        watch: 'latest' },
187 silly install resolved     gitHead: 'de50cff5301f86d9da8c01084b95578ed3d77de8',
187 silly install resolved     homepage: 'https://github.com/reflux/reflux-core#readme',
187 silly install resolved     _id: 'reflux-core@0.3.0',
187 silly install resolved     _shasum: 'c9aa78984555296237069613f9d6b11e2dbbc74c',
187 silly install resolved     _from: 'reflux-core@>=0.3.0 <0.4.0',
187 silly install resolved     _npmVersion: '2.14.4',
187 silly install resolved     _nodeVersion: '4.1.2',
187 silly install resolved     _npmUser: { name: 'spoike', email: 'mishakun+npm@gmail.com' },
187 silly install resolved     maintainers: [ [Object] ],
187 silly install resolved     dist:
187 silly install resolved      { shasum: 'c9aa78984555296237069613f9d6b11e2dbbc74c',
187 silly install resolved        tarball: 'https://registry.npmjs.org/reflux-core/-/reflux-core-0.3.0.tgz' },
187 silly install resolved     directories: {},
187 silly install resolved     _resolved: 'https://registry.npmjs.org/reflux-core/-/reflux-core-0.3.0.tgz',
187 silly install resolved     readme: 'ERROR: No README data found!' } ]
188 info install eventemitter3@1.2.0 into C:\Users\rohit22\Desktop\Demo\node_modules\reflux
189 info install reflux-core@0.3.0 into C:\Users\rohit22\Desktop\Demo\node_modules\reflux
190 info installOne eventemitter3@1.2.0
191 verbose installOne of eventemitter3 to C:\Users\rohit22\Desktop\Demo\node_modules\reflux not in flight; installing
192 verbose correctMkdir C:\Users\rohit22\AppData\Roaming\npm-cache\_locks correctMkdir not in flight; initializing
193 info installOne reflux-core@0.3.0
194 verbose installOne of reflux-core to C:\Users\rohit22\Desktop\Demo\node_modules\reflux not in flight; installing
195 verbose correctMkdir C:\Users\rohit22\AppData\Roaming\npm-cache\_locks correctMkdir not in flight; initializing
196 verbose lock using C:\Users\rohit22\AppData\Roaming\npm-cache\_locks\eventemitter3-e08262677ada0a46.lock for C:\Users\rohit22\Desktop\Demo\node_modules\reflux\node_modules\eventemitter3
197 verbose lock using C:\Users\rohit22\AppData\Roaming\npm-cache\_locks\reflux-core-02848709248eba1f.lock for C:\Users\rohit22\Desktop\Demo\node_modules\reflux\node_modules\reflux-core
198 silly install write writing eventemitter3 1.2.0 to C:\Users\rohit22\Desktop\Demo\node_modules\reflux\node_modules\eventemitter3
199 silly install write writing reflux-core 0.3.0 to C:\Users\rohit22\Desktop\Demo\node_modules\reflux\node_modules\reflux-core
200 verbose unbuild node_modules\reflux\node_modules\eventemitter3
201 verbose unbuild node_modules\reflux\node_modules\reflux-core
202 silly gentlyRm C:\Users\rohit22\Desktop\Demo\node_modules\reflux\node_modules\eventemitter3 is being purged from base C:\Users\rohit22\Desktop\Demo
203 verbose gentlyRm don't care about contents; nuking C:\Users\rohit22\Desktop\Demo\node_modules\reflux\node_modules\eventemitter3
204 silly gentlyRm C:\Users\rohit22\Desktop\Demo\node_modules\reflux\node_modules\reflux-core is being purged from base C:\Users\rohit22\Desktop\Demo
205 verbose gentlyRm don't care about contents; nuking C:\Users\rohit22\Desktop\Demo\node_modules\reflux\node_modules\reflux-core
206 verbose tar unpack C:\Users\rohit22\AppData\Roaming\npm-cache\eventemitter3\1.2.0\package.tgz
207 verbose tar unpacking to C:\Users\rohit22\Desktop\Demo\node_modules\reflux\node_modules\eventemitter3
208 silly gentlyRm C:\Users\rohit22\Desktop\Demo\node_modules\reflux\node_modules\eventemitter3 is being purged
209 verbose gentlyRm don't care about contents; nuking C:\Users\rohit22\Desktop\Demo\node_modules\reflux\node_modules\eventemitter3
210 verbose tar unpack C:\Users\rohit22\AppData\Roaming\npm-cache\reflux-core\0.3.0\package.tgz
211 verbose tar unpacking to C:\Users\rohit22\Desktop\Demo\node_modules\reflux\node_modules\reflux-core
212 silly gentlyRm C:\Users\rohit22\Desktop\Demo\node_modules\reflux\node_modules\reflux-core is being purged
213 verbose gentlyRm don't care about contents; nuking C:\Users\rohit22\Desktop\Demo\node_modules\reflux\node_modules\reflux-core
214 silly gunzTarPerm modes [ '777', '666' ]
215 silly gunzTarPerm modes [ '777', '666' ]
216 silly gunzTarPerm extractEntry package.json
217 silly gunzTarPerm modified mode [ 'package.json', 420, 438 ]
218 silly gunzTarPerm extractEntry package.json
219 silly gunzTarPerm modified mode [ 'package.json', 420, 438 ]
220 silly gunzTarPerm extractEntry README.md
221 silly gunzTarPerm modified mode [ 'README.md', 420, 438 ]
222 silly gunzTarPerm extractEntry LICENSE
223 silly gunzTarPerm modified mode [ 'LICENSE', 420, 438 ]
224 silly gunzTarPerm extractEntry .npmignore
225 silly gunzTarPerm modified mode [ '.npmignore', 420, 438 ]
226 silly gunzTarPerm extractEntry README.md
227 silly gunzTarPerm modified mode [ 'README.md', 420, 438 ]
228 silly gunzTarPerm extractEntry .jshintrc
229 silly gunzTarPerm modified mode [ '.jshintrc', 420, 438 ]
230 silly gunzTarPerm extractEntry .editorconfig
231 silly gunzTarPerm modified mode [ '.editorconfig', 420, 438 ]
232 silly gunzTarPerm extractEntry index.js
233 silly gunzTarPerm modified mode [ 'index.js', 420, 438 ]
234 silly gunzTarPerm extractEntry .travis.yml
235 silly gunzTarPerm modified mode [ '.travis.yml', 420, 438 ]
236 silly gunzTarPerm extractEntry CHANGELOG.md
237 silly gunzTarPerm modified mode [ 'CHANGELOG.md', 420, 438 ]
238 silly gunzTarPerm extractEntry LICENSE.md
239 silly gunzTarPerm modified mode [ 'LICENSE.md', 420, 438 ]
240 silly gunzTarPerm extractEntry .eslintrc
241 silly gunzTarPerm modified mode [ '.eslintrc', 420, 438 ]
242 silly gunzTarPerm extractEntry lib/ActionMethods.js
243 silly gunzTarPerm modified mode [ 'lib/ActionMethods.js', 420, 438 ]
244 verbose write writing to C:\Users\rohit22\Desktop\Demo\node_modules\reflux\node_modules\eventemitter3\package.json
245 silly gunzTarPerm extractEntry lib/ListenerMethods.js
246 silly gunzTarPerm modified mode [ 'lib/ListenerMethods.js', 420, 438 ]
247 silly gunzTarPerm extractEntry lib/PublisherMethods.js
248 silly gunzTarPerm modified mode [ 'lib/PublisherMethods.js', 420, 438 ]
249 silly gunzTarPerm extractEntry lib/StoreMethods.js
250 silly gunzTarPerm modified mode [ 'lib/StoreMethods.js', 420, 438 ]
251 silly gunzTarPerm extractEntry lib/bindMethods.js
252 silly gunzTarPerm modified mode [ 'lib/bindMethods.js', 420, 438 ]
253 info preinstall eventemitter3@1.2.0
254 verbose readDependencies loading dependencies from C:\Users\rohit22\Desktop\Demo\node_modules\reflux\node_modules\eventemitter3\package.json
255 verbose readDependencies loading dependencies from C:\Users\rohit22\Desktop\Demo\node_modules\reflux\node_modules\eventemitter3\package.json
256 silly gunzTarPerm extractEntry lib/Keep.js
257 silly gunzTarPerm modified mode [ 'lib/Keep.js', 420, 438 ]
258 silly gunzTarPerm extractEntry lib/createStore.js
259 silly gunzTarPerm modified mode [ 'lib/createStore.js', 420, 438 ]
260 silly install resolved []
261 verbose about to build C:\Users\rohit22\Desktop\Demo\node_modules\reflux\node_modules\eventemitter3
262 info build C:\Users\rohit22\Desktop\Demo\node_modules\reflux\node_modules\eventemitter3
263 info linkStuff eventemitter3@1.2.0
264 silly linkStuff eventemitter3@1.2.0 has C:\Users\rohit22\Desktop\Demo\node_modules\reflux\node_modules as its parent node_modules
265 verbose linkBins eventemitter3@1.2.0
266 verbose linkMans eventemitter3@1.2.0
267 verbose rebuildBundles eventemitter3@1.2.0
268 silly gunzTarPerm extractEntry lib/index.js
269 silly gunzTarPerm modified mode [ 'lib/index.js', 420, 438 ]
270 silly gunzTarPerm extractEntry lib/joins.js
271 silly gunzTarPerm modified mode [ 'lib/joins.js', 420, 438 ]
272 info install eventemitter3@1.2.0
273 info postinstall eventemitter3@1.2.0
274 verbose unlock done using C:\Users\rohit22\AppData\Roaming\npm-cache\_locks\eventemitter3-e08262677ada0a46.lock for C:\Users\rohit22\Desktop\Demo\node_modules\reflux\node_modules\eventemitter3
275 silly gunzTarPerm extractEntry lib/mixer.js
276 silly gunzTarPerm modified mode [ 'lib/mixer.js', 420, 438 ]
277 silly gunzTarPerm extractEntry lib/utils.js
278 silly gunzTarPerm modified mode [ 'lib/utils.js', 420, 438 ]
279 silly gunzTarPerm extractEntry lib/createAction.js
280 silly gunzTarPerm modified mode [ 'lib/createAction.js', 420, 438 ]
281 verbose write writing to C:\Users\rohit22\Desktop\Demo\node_modules\reflux\node_modules\reflux-core\package.json
282 info preinstall reflux-core@0.3.0
283 verbose readDependencies loading dependencies from C:\Users\rohit22\Desktop\Demo\node_modules\reflux\node_modules\reflux-core\package.json
284 verbose readDependencies loading dependencies from C:\Users\rohit22\Desktop\Demo\node_modules\reflux\node_modules\reflux-core\package.json
285 silly install resolved []
286 verbose about to build C:\Users\rohit22\Desktop\Demo\node_modules\reflux\node_modules\reflux-core
287 info build C:\Users\rohit22\Desktop\Demo\node_modules\reflux\node_modules\reflux-core
288 info linkStuff reflux-core@0.3.0
289 silly linkStuff reflux-core@0.3.0 has C:\Users\rohit22\Desktop\Demo\node_modules\reflux\node_modules as its parent node_modules
290 verbose linkBins reflux-core@0.3.0
291 verbose linkMans reflux-core@0.3.0
292 verbose rebuildBundles reflux-core@0.3.0
293 info install reflux-core@0.3.0
294 info postinstall reflux-core@0.3.0
295 verbose unlock done using C:\Users\rohit22\AppData\Roaming\npm-cache\_locks\reflux-core-02848709248eba1f.lock for C:\Users\rohit22\Desktop\Demo\node_modules\reflux\node_modules\reflux-core
296 verbose about to build C:\Users\rohit22\Desktop\Demo\node_modules\reflux
297 info build C:\Users\rohit22\Desktop\Demo\node_modules\reflux
298 info linkStuff reflux@0.4.1
299 silly linkStuff reflux@0.4.1 has C:\Users\rohit22\Desktop\Demo\node_modules as its parent node_modules
300 verbose linkBins reflux@0.4.1
301 verbose linkMans reflux@0.4.1
302 verbose rebuildBundles reflux@0.4.1
303 verbose rebuildBundles [ 'eventemitter3', 'reflux-core' ]
304 info install reflux@0.4.1
305 info postinstall reflux@0.4.1
306 verbose unlock done using C:\Users\rohit22\AppData\Roaming\npm-cache\_locks\reflux-1045b8e39602cfbf.lock for C:\Users\rohit22\Desktop\Demo\node_modules\reflux
307 verbose validateInstall loading C:\Users\rohit22\Desktop\Demo\package.json for validation
308 verbose stack Error: The package browserify@13.1.0 does not satisfy its siblings' peerDependencies requirements!
308 verbose stack     at C:\Program Files\nodejs\node_modules\npm\lib\install.js:125:32
308 verbose stack     at C:\Program Files\nodejs\node_modules\npm\lib\install.js:268:7
308 verbose stack     at C:\Program Files\nodejs\node_modules\npm\node_modules\read-installed\read-installed.js:142:5
308 verbose stack     at C:\Program Files\nodejs\node_modules\npm\node_modules\read-installed\read-installed.js:263:14
308 verbose stack     at cb (C:\Program Files\nodejs\node_modules\npm\node_modules\slide\lib\async-map.js:47:24)
308 verbose stack     at C:\Program Files\nodejs\node_modules\npm\node_modules\read-installed\read-installed.js:263:14
308 verbose stack     at cb (C:\Program Files\nodejs\node_modules\npm\node_modules\slide\lib\async-map.js:47:24)
308 verbose stack     at C:\Program Files\nodejs\node_modules\npm\node_modules\read-installed\read-installed.js:263:14
308 verbose stack     at cb (C:\Program Files\nodejs\node_modules\npm\node_modules\slide\lib\async-map.js:47:24)
308 verbose stack     at C:\Program Files\nodejs\node_modules\npm\node_modules\read-installed\read-installed.js:263:14
309 verbose cwd C:\Users\rohit22\Desktop\Demo
310 error Windows_NT 6.2.9200
311 error argv "C:\\Program Files\\nodejs\\node.exe" "C:\\Program Files\\nodejs\\node_modules\\npm\\bin\\npm-cli.js" "install" "reflux"
312 error node v4.4.7
313 error npm  v2.15.8
314 error code EPEERINVALID
315 error peerinvalid The package browserify@13.1.0 does not satisfy its siblings' peerDependencies requirements!
315 error peerinvalid Peer grunt-browserify@1.3.2 wants browserify@>=2.35 < 4.0.0
316 verbose exit [ 1, true ]
